<?xml version="1.0" encoding="UTF-8"?>
<testsuite xmlns:xsi="http://www.w3.org/2001/XMLSchema-instance" xsi:noNamespaceSchemaLocation="https://maven.apache.org/surefire/maven-surefire-plugin/xsd/surefire-test-report-3.0.xsd" version="3.0" name="feature to test login functionality" time="75.345" tests="3" errors="0" skipped="0" failures="0">
  <properties>
    <property name="java.specification.version" value="14"/>
    <property name="webdriver.chrome.driver" value="C:/Users/abita/Documents/driversweb/chromedriver.exe"/>
    <property name="sun.cpu.isalist" value="amd64"/>
    <property name="sun.jnu.encoding" value="Cp1252"/>
    <property name="java.class.path" value="C:\Users\abita\Desktop\Automationloginjava\target\test-classes;C:\Users\abita\Desktop\Automationloginjava\target\classes;C:\Users\abita\.m2\repository\junit\junit\4.11\junit-4.11.jar;C:\Users\abita\.m2\repository\org\hamcrest\hamcrest-core\1.3\hamcrest-core-1.3.jar;C:\Users\abita\.m2\repository\io\cucumber\cucumber-java\6.3.0\cucumber-java-6.3.0.jar;C:\Users\abita\.m2\repository\io\cucumber\cucumber-core\6.3.0\cucumber-core-6.3.0.jar;C:\Users\abita\.m2\repository\io\cucumber\cucumber-gherkin\6.3.0\cucumber-gherkin-6.3.0.jar;C:\Users\abita\.m2\repository\io\cucumber\cucumber-gherkin-messages\6.3.0\cucumber-gherkin-messages-6.3.0.jar;C:\Users\abita\.m2\repository\io\cucumber\messages\12.2.0\messages-12.2.0.jar;C:\Users\abita\.m2\repository\io\cucumber\tag-expressions\3.0.0\tag-expressions-3.0.0.jar;C:\Users\abita\.m2\repository\io\cucumber\cucumber-expressions\10.2.1\cucumber-expressions-10.2.1.jar;C:\Users\abita\.m2\repository\io\cucumber\datatable\3.3.1\datatable-3.3.1.jar;C:\Users\abita\.m2\repository\io\cucumber\cucumber-plugin\6.3.0\cucumber-plugin-6.3.0.jar;C:\Users\abita\.m2\repository\io\cucumber\docstring\6.3.0\docstring-6.3.0.jar;C:\Users\abita\.m2\repository\io\cucumber\html-formatter\7.0.0\html-formatter-7.0.0.jar;C:\Users\abita\.m2\repository\org\apiguardian\apiguardian-api\1.1.0\apiguardian-api-1.1.0.jar;C:\Users\abita\.m2\repository\io\cucumber\cucumber-junit\6.3.0\cucumber-junit-6.3.0.jar;C:\Users\abita\.m2\repository\org\seleniumhq\selenium\selenium-java\3.141.59\selenium-java-3.141.59.jar;C:\Users\abita\.m2\repository\org\seleniumhq\selenium\selenium-api\3.141.59\selenium-api-3.141.59.jar;C:\Users\abita\.m2\repository\org\seleniumhq\selenium\selenium-chrome-driver\3.141.59\selenium-chrome-driver-3.141.59.jar;C:\Users\abita\.m2\repository\org\seleniumhq\selenium\selenium-edge-driver\3.141.59\selenium-edge-driver-3.141.59.jar;C:\Users\abita\.m2\repository\org\seleniumhq\selenium\selenium-firefox-driver\3.141.59\selenium-firefox-driver-3.141.59.jar;C:\Users\abita\.m2\repository\org\seleniumhq\selenium\selenium-ie-driver\3.141.59\selenium-ie-driver-3.141.59.jar;C:\Users\abita\.m2\repository\org\seleniumhq\selenium\selenium-opera-driver\3.141.59\selenium-opera-driver-3.141.59.jar;C:\Users\abita\.m2\repository\org\seleniumhq\selenium\selenium-remote-driver\3.141.59\selenium-remote-driver-3.141.59.jar;C:\Users\abita\.m2\repository\org\seleniumhq\selenium\selenium-safari-driver\3.141.59\selenium-safari-driver-3.141.59.jar;C:\Users\abita\.m2\repository\org\seleniumhq\selenium\selenium-support\3.141.59\selenium-support-3.141.59.jar;C:\Users\abita\.m2\repository\net\bytebuddy\byte-buddy\1.8.15\byte-buddy-1.8.15.jar;C:\Users\abita\.m2\repository\org\apache\commons\commons-exec\1.3\commons-exec-1.3.jar;C:\Users\abita\.m2\repository\com\google\guava\guava\25.0-jre\guava-25.0-jre.jar;C:\Users\abita\.m2\repository\com\google\code\findbugs\jsr305\1.3.9\jsr305-1.3.9.jar;C:\Users\abita\.m2\repository\org\checkerframework\checker-compat-qual\2.0.0\checker-compat-qual-2.0.0.jar;C:\Users\abita\.m2\repository\com\google\errorprone\error_prone_annotations\2.1.3\error_prone_annotations-2.1.3.jar;C:\Users\abita\.m2\repository\com\google\j2objc\j2objc-annotations\1.1\j2objc-annotations-1.1.jar;C:\Users\abita\.m2\repository\org\codehaus\mojo\animal-sniffer-annotations\1.14\animal-sniffer-annotations-1.14.jar;C:\Users\abita\.m2\repository\com\squareup\okhttp3\okhttp\3.11.0\okhttp-3.11.0.jar;C:\Users\abita\.m2\repository\com\squareup\okio\okio\1.14.0\okio-1.14.0.jar;"/>
    <property name="java.vm.vendor" value="Oracle Corporation"/>
    <property name="sun.arch.data.model" value="64"/>
    <property name="user.variant" value=""/>
    <property name="java.vendor.url" value="https://java.oracle.com/"/>
    <property name="user.timezone" value="Asia/Calcutta"/>
    <property name="os.name" value="Windows 10"/>
    <property name="java.vm.specification.version" value="14"/>
    <property name="sun.java.launcher" value="SUN_STANDARD"/>
    <property name="user.country" value="IN"/>
    <property name="sun.boot.library.path" value="C:\Program Files\Java\jdk-14.0.2\bin"/>
    <property name="sun.java.command" value="C:\Users\abita\AppData\Local\Temp\surefire8071069455016410371\surefirebooter18170303312498136362.jar C:\Users\abita\AppData\Local\Temp\surefire8071069455016410371 2020-08-04T19-23-21_692-jvmRun1 surefire292329769232774058tmp surefire_013899136579480571668tmp"/>
    <property name="jdk.debug" value="release"/>
    <property name="surefire.test.class.path" value="C:\Users\abita\Desktop\Automationloginjava\target\test-classes;C:\Users\abita\Desktop\Automationloginjava\target\classes;C:\Users\abita\.m2\repository\junit\junit\4.11\junit-4.11.jar;C:\Users\abita\.m2\repository\org\hamcrest\hamcrest-core\1.3\hamcrest-core-1.3.jar;C:\Users\abita\.m2\repository\io\cucumber\cucumber-java\6.3.0\cucumber-java-6.3.0.jar;C:\Users\abita\.m2\repository\io\cucumber\cucumber-core\6.3.0\cucumber-core-6.3.0.jar;C:\Users\abita\.m2\repository\io\cucumber\cucumber-gherkin\6.3.0\cucumber-gherkin-6.3.0.jar;C:\Users\abita\.m2\repository\io\cucumber\cucumber-gherkin-messages\6.3.0\cucumber-gherkin-messages-6.3.0.jar;C:\Users\abita\.m2\repository\io\cucumber\messages\12.2.0\messages-12.2.0.jar;C:\Users\abita\.m2\repository\io\cucumber\tag-expressions\3.0.0\tag-expressions-3.0.0.jar;C:\Users\abita\.m2\repository\io\cucumber\cucumber-expressions\10.2.1\cucumber-expressions-10.2.1.jar;C:\Users\abita\.m2\repository\io\cucumber\datatable\3.3.1\datatable-3.3.1.jar;C:\Users\abita\.m2\repository\io\cucumber\cucumber-plugin\6.3.0\cucumber-plugin-6.3.0.jar;C:\Users\abita\.m2\repository\io\cucumber\docstring\6.3.0\docstring-6.3.0.jar;C:\Users\abita\.m2\repository\io\cucumber\html-formatter\7.0.0\html-formatter-7.0.0.jar;C:\Users\abita\.m2\repository\org\apiguardian\apiguardian-api\1.1.0\apiguardian-api-1.1.0.jar;C:\Users\abita\.m2\repository\io\cucumber\cucumber-junit\6.3.0\cucumber-junit-6.3.0.jar;C:\Users\abita\.m2\repository\org\seleniumhq\selenium\selenium-java\3.141.59\selenium-java-3.141.59.jar;C:\Users\abita\.m2\repository\org\seleniumhq\selenium\selenium-api\3.141.59\selenium-api-3.141.59.jar;C:\Users\abita\.m2\repository\org\seleniumhq\selenium\selenium-chrome-driver\3.141.59\selenium-chrome-driver-3.141.59.jar;C:\Users\abita\.m2\repository\org\seleniumhq\selenium\selenium-edge-driver\3.141.59\selenium-edge-driver-3.141.59.jar;C:\Users\abita\.m2\repository\org\seleniumhq\selenium\selenium-firefox-driver\3.141.59\selenium-firefox-driver-3.141.59.jar;C:\Users\abita\.m2\repository\org\seleniumhq\selenium\selenium-ie-driver\3.141.59\selenium-ie-driver-3.141.59.jar;C:\Users\abita\.m2\repository\org\seleniumhq\selenium\selenium-opera-driver\3.141.59\selenium-opera-driver-3.141.59.jar;C:\Users\abita\.m2\repository\org\seleniumhq\selenium\selenium-remote-driver\3.141.59\selenium-remote-driver-3.141.59.jar;C:\Users\abita\.m2\repository\org\seleniumhq\selenium\selenium-safari-driver\3.141.59\selenium-safari-driver-3.141.59.jar;C:\Users\abita\.m2\repository\org\seleniumhq\selenium\selenium-support\3.141.59\selenium-support-3.141.59.jar;C:\Users\abita\.m2\repository\net\bytebuddy\byte-buddy\1.8.15\byte-buddy-1.8.15.jar;C:\Users\abita\.m2\repository\org\apache\commons\commons-exec\1.3\commons-exec-1.3.jar;C:\Users\abita\.m2\repository\com\google\guava\guava\25.0-jre\guava-25.0-jre.jar;C:\Users\abita\.m2\repository\com\google\code\findbugs\jsr305\1.3.9\jsr305-1.3.9.jar;C:\Users\abita\.m2\repository\org\checkerframework\checker-compat-qual\2.0.0\checker-compat-qual-2.0.0.jar;C:\Users\abita\.m2\repository\com\google\errorprone\error_prone_annotations\2.1.3\error_prone_annotations-2.1.3.jar;C:\Users\abita\.m2\repository\com\google\j2objc\j2objc-annotations\1.1\j2objc-annotations-1.1.jar;C:\Users\abita\.m2\repository\org\codehaus\mojo\animal-sniffer-annotations\1.14\animal-sniffer-annotations-1.14.jar;C:\Users\abita\.m2\repository\com\squareup\okhttp3\okhttp\3.11.0\okhttp-3.11.0.jar;C:\Users\abita\.m2\repository\com\squareup\okio\okio\1.14.0\okio-1.14.0.jar;"/>
    <property name="sun.cpu.endian" value="little"/>
    <property name="user.home" value="C:\Users\abita"/>
    <property name="user.language" value="en"/>
    <property name="java.specification.vendor" value="Oracle Corporation"/>
    <property name="java.version.date" value="2020-07-14"/>
    <property name="java.home" value="C:\Program Files\Java\jdk-14.0.2"/>
    <property name="file.separator" value="\"/>
    <property name="basedir" value="C:\Users\abita\Desktop\Automationloginjava"/>
    <property name="java.vm.compressedOopsMode" value="32-bit"/>
    <property name="line.separator" value="&#10;"/>
    <property name="java.vm.specification.vendor" value="Oracle Corporation"/>
    <property name="java.specification.name" value="Java Platform API Specification"/>
    <property name="surefire.real.class.path" value="C:\Users\abita\AppData\Local\Temp\surefire8071069455016410371\surefirebooter18170303312498136362.jar"/>
    <property name="user.script" value=""/>
    <property name="sun.management.compiler" value="HotSpot 64-Bit Tiered Compilers"/>
    <property name="java.runtime.version" value="14.0.2+12-46"/>
    <property name="user.name" value="abita"/>
    <property name="path.separator" value=";"/>
    <property name="os.version" value="10.0"/>
    <property name="java.runtime.name" value="Java(TM) SE Runtime Environment"/>
    <property name="file.encoding" value="Cp1252"/>
    <property name="java.vm.name" value="Java HotSpot(TM) 64-Bit Server VM"/>
    <property name="localRepository" value="C:\Users\abita\.m2\repository"/>
    <property name="java.vendor.url.bug" value="https://bugreport.java.com/bugreport/"/>
    <property name="java.io.tmpdir" value="C:\Users\abita\AppData\Local\Temp\"/>
    <property name="java.version" value="14.0.2"/>
    <property name="user.dir" value="C:\Users\abita\Desktop\Automationloginjava"/>
    <property name="os.arch" value="amd64"/>
    <property name="java.vm.specification.name" value="Java Virtual Machine Specification"/>
    <property name="sun.os.patch.level" value=""/>
    <property name="java.library.path" value="C:\Program Files\Java\jdk-14.0.2\bin;C:\WINDOWS\Sun\Java\bin;C:\WINDOWS\system32;C:\WINDOWS;C:/Program Files/Java/jdk-14.0.2/bin/server;C:/Program Files/Java/jdk-14.0.2/bin;C:\Program Files\Java\jdk-14.0.2\bin;C:\Program Files\Git\cmd;C:\Users\abita\Downloads\apache-maven-3.6.3\bin;C:\Users\abita\AppData\Local\Microsoft\WindowsApps;;C:\Users\abita\Desktop;;."/>
    <property name="java.vm.info" value="mixed mode, sharing"/>
    <property name="java.vendor" value="Oracle Corporation"/>
    <property name="java.vm.version" value="14.0.2+12-46"/>
    <property name="sun.io.unicode.encoding" value="UnicodeLittle"/>
    <property name="java.class.version" value="58.0"/>
  </properties>
  <testcase name="Finding ecommerce site" classname="feature to test login functionality" time="41.888">
    <system-out><![CDATA[
@openbrowser
Scenario: Finding ecommerce site               # src/test/resources/Feature/loginaut.feature:7
hey path for chorme== C:/Users/abita/Documents/driversweb/chromedriver.exe
  Given I am on the Google search page         # stepdefinitions.Loginsteps.i_am_on_the_google_search_page()
  When I search for website                    # stepdefinitions.Loginsteps.i_search_for_website()
  And hits enter                               # stepdefinitions.Loginsteps.hits_enter()
My Store
  Then the page title should start with "logo" # stepdefinitions.Loginsteps.the_page_title_should_start_with(java.lang.String)
]]></system-out>
    <system-err><![CDATA[Starting ChromeDriver 83.0.4103.39 (ccbf011cb2d2b19b506d844400483861342c20cd-refs/branch-heads/4103@{#416}) on port 4260
Only local connections are allowed.
Please see https://chromedriver.chromium.org/security-considerations for suggestions on keeping ChromeDriver safe.
ChromeDriver was started successfully.
[1596549206.981][WARNING]: This version of ChromeDriver has not been tested with Chrome version 84.
Aug 04, 2020 7:23:29 PM org.openqa.selenium.remote.ProtocolHandshake createSession
INFO: Detected dialect: W3C
]]></system-err>
  </testcase>
  <testcase name="Check login functionality with invalid credentials" classname="feature to test login functionality" time="19.871">
    <system-out><![CDATA[
@openbrowser @Register
Scenario Outline: Check login functionality with invalid credentials # src/test/resources/Feature/loginaut.feature:24
  Given user navigate on sign in                                     # stepdefinitions.Loginsteps.user_navigate_on_sign_in()
You have entered:   And user do the authentication process                             # stepdefinitions.Loginsteps.user_do_the_authentication_process()
  When user the enters bit76@gmail.com and Giub123                   # stepdefinitions.Loginsteps.user_the_enters_Emailnewand_passwordnew(java.lang.String,java.lang.String)
  And clicks on the signin button                                    # stepdefinitions.Loginsteps.clicks_on_the_signin_button()
  Then error msg is displayed and user creates acoounr               # stepdefinitions.Loginsteps.error_msg_is_displayed_and_user_creates_acoounr()
]]></system-out>
  </testcase>
  <testcase name="Check login functionality with valid credentials" classname="feature to test login functionality" time="13.586">
    <system-out><![CDATA[
@openbrowser @login
Scenario Outline: Check login functionality with valid credentials # src/test/resources/Feature/loginaut.feature:37
  Given user clicks on sign in                                     # stepdefinitions.Loginsteps.user_clicks_on_sign_in()
You have entered:   And user do the authentication                                   # stepdefinitions.Loginsteps.user_do_the_authentication()
  When user enters bitbucket76@gmail.com and Github123             # stepdefinitions.Loginsteps.user_enters_Email_and_password(java.lang.String,java.lang.String)
  And clicks on signin buttonp                                     # stepdefinitions.Loginsteps.clicks_on_signin_button()
success
  Then check user is navigated to home page                        # stepdefinitions.Loginsteps.check_user_is_navigated_to_home_page()
]]></system-out>
  </testcase>
</testsuite>